Log started at 07.09.2025	22:47:09
Number of used processors (NPROC): 4.
Number of mesh partitions (NPART): 4.
Total Physical Memory = 15.86 Gb, Available Physical Memory = 8.59 Gb
Computer name:	DESKTOP-N59NN79
Operating system:	Windows 10 (Version 10.0.19045)

Commandline:	"C:\Program Files\SOLIDWORKS Corp\SOLIDWORKS Flow Simulation\BINCFW\efdsolver.exe" /config:"C:\Users\FC\Documents\cad & sim\sld\orifice\1\1.xmlconfig" /guid:79b6a141-f87e-419e-9210-f4c75abde4fa /processors:max /m /s /prjnamelm:"Flow Simulation 2024" /prjnamehabout:"Flow Simulation 2024" /companyname:"COSMOS Applications" /prjaliasid:1002 /lang:English /port:50901

SOLIDWORKS 2024 SP0.1
Flow Simulation 2024  x64 / 6122

Project: C:\Users\FC\Documents\cad & sim\sld\orifice\1\1.xmlconfig
Configuration name: Default
Project name: Project(1)
Problem type: external-type
Exclude cavities without flow conditions: ON
NGK: OFF
MBO: OFF
-----------------------------------------------------------------------
Mesher option run = eRunMesherNormal
-----------------------------------------------------------------------

Mesh generation started:	7.9.2025	22:47:9
-----------------------------------------------------------------------
Memory Working Set Current = 15.41 Mb, Memory Working Set Peak = 15.41 Mb
Memory Private Bytes Current = 16.86 Mb, Memory Private Bytes Peak = 16.86 Mb
Process Threads Number: 7
-----------------------------------------------------------------------
Mesher adjust APD = OFF; AdjustAPD_method=0; N_per_Channel = 0; N2_per_Channel = 0
Current CPU = 0 sec
-----------------------------------------------------------------------
Geometries initialization:
-----------------------------------------------------------------------
Loading mesh settings (global/local)...
-----------------------------------------------------------------------
Number of geometries from DB: 3
Geometry(0):
	Guid = {00000000-0000-0000-0000-000000000000}
	Fluid..
	1 Body.
	1 Real body.
	-- Bodyset 0 --
		Tolerance=0.000101571.
		13 Face(s).
			13 of b-spline type.
		13 Face(s) that have no ref faces
		8 Plane surface(s).
		5 Cylinder surface(s).
		2180 Triangle(s).
		Getting triangle connectivities from DB: 0.002 s
		12 Edge(s).
			12 of b-spline type.
		BodyGeom reading: 0.030 s.
		13 Reference Face(s).
		2180 Reference Triangles.
		Getting triangle connectivities from DB (Ref): 0.001 s
		BodyGeom Ref reading: 0.001 s.
Geometry(1):
	Guid = {93987efe-58f0-4fc9-83e2-391b760054e0}
	Fluid..
	1 Body.
	1 Real body.
	-- Bodyset 1 --
		Tolerance=0.000101571.
		13 Face(s).
			13 of b-spline type.
		7 Face(s) that have no ref faces
		10 Plane surface(s).
		3 Cylinder surface(s).
		796 Triangle(s).
		Getting triangle connectivities from DB: 0.000 s
		18 Edge(s).
			18 of b-spline type.
		BodyGeom reading: 0.003 s.
		7 Reference Face(s).
		784 Reference Triangles.
		Getting triangle connectivities from DB (Ref): 0.000 s
		BodyGeom Ref reading: 0.001 s.
Geometry(2):
	Guid = {00000000-0000-0000-0000-000000000000}
	Solid..
	2 Bodies.
	1 Real body.
	-- Bodyset 2 --
		Tolerance=0.000101571.
		26 Face(s).
			26 of b-spline type.
		0 Face(s) that have no ref faces
		18 Plane surface(s).
		8 Cylinder surface(s).
		2976 Triangle(s).
		Getting triangle connectivities from DB: 0.001 s
		30 Edge(s).
			30 of b-spline type.
		BodyGeom reading: 0.010 s.
		20 Reference Face(s).
		2964 Reference Triangles.
		Getting triangle connectivities from DB (Ref): 0.001 s
		BodyGeom Ref reading: 0.005 s.
-----------------------------------------------------------------------
Number of geometries in task: 3
	G : 0	Type: Fluid	Bodies: 1		Faces: 13		Edges: 12		Triangles: 2180
	G : 1	Type: Fluid	Bodies: 1		Faces: 13		Edges: 18		Triangles: 796
	G : 2	Type: Solid	Bodies: 1		Faces: 26		Edges: 30		Triangles: 2976
Number of bodysets in task: 3

Bodies:     3
Faces:      52
Edges:      60
Triangles:  5952
-----------------------------------------------------------------------
BodySet (0):
	Making hash and connectivity for Bodyset ...
		CBodyGeom:
		Hash size: {36, 36, 34}.
		Mesh size: {36, 36, 34}.
		Hashing triangles...Ok.
			axis(0) tr sizes: average=18 max=150
			axis(1) tr sizes: average=18 max=158
			axis(2) tr sizes: average=11 max=140
		Number of t-connected sets:1 (cavity=0)
		CBodyGeomRef:
		Hashing triangles...Ok.
			axis(0) tr sizes: average=17 max=150
			axis(1) tr sizes: average=17 max=158
			axis(2) tr sizes: average=11 max=140
	0.0355 s.
BodySet (1):
	Making hash and connectivity for Bodyset ...
		CBodyGeom:
		Hash size: {36, 36, 34}.
		Mesh size: {36, 36, 34}.
		Hashing triangles...Ok.
			axis(0) tr sizes: average=4 max=344
			axis(1) tr sizes: average=4 max=338
			axis(2) tr sizes: average=3 max=322
		Number of t-connected sets:2 (cavity=1)
		CBodyGeomRef:
		Hashing triangles...Ok.
			axis(0) tr sizes: average=9 max=100
			axis(1) tr sizes: average=8 max=96
			axis(2) tr sizes: average=10 max=140
	0.0243 s.
BodySet (2):
	Making hash and connectivity for Bodyset ...
		CBodyGeom:
		Hash size: {36, 36, 34}.
		Mesh size: {36, 36, 34}.
		Hashing triangles...Ok.
			axis(0) tr sizes: average=7 max=796
			axis(1) tr sizes: average=7 max=785
			axis(2) tr sizes: average=5 max=1008
		Number of t-connected sets:3 (cavity=1)
		CBodyGeomRef:
		Hashing triangles...Ok.
			axis(0) tr sizes: average=29 max=202
			axis(1) tr sizes: average=29 max=184
			axis(2) tr sizes: average=16 max=280
	0.0265 s.
Geometries reading and preparing has taken 0.102 s.
-----------------------------------------------------------------------
Mapped triangles:
Hashing rough geometry(bodies) triangulation:
BodySet (0):
	Triangles num=2180
	Triangles box={-0.101571 ,0.101571 ,-0.101571 ,0.101571 ,0 ,1.126}
		3d-hash size is 193692 bytes
BodySet (1):
	Triangles num=796
	Triangles box={-2.11736 ,2.11736 ,-2.11736 ,2.11736 ,-2.01671 ,3.14271}
		3d-hash size is 186360 bytes
BodySet (2):
	Triangles num=2976
	Triangles box={-2.11736 ,2.11736 ,-2.11736 ,2.11736 ,-2.01671 ,3.14271}
		3d-hash size is 203788 bytes

Hashing peculiar surfaces triangles:
Surface triangles (0):
	Triangles num=65
	Triangles box={-0.0514142 ,0.0513987 ,-0.051383 ,0.0514115 ,0.00581136 ,0.00581136}
		3d-hash size is 176720 bytes
Surface triangles (1):
	Triangles num=65
	Triangles box={-0.0513987 ,0.0514142 ,-0.051383 ,0.0514115 ,1.12019 ,1.12019}
		3d-hash size is 176720 bytes

Mapped triangles processed in 0.023 s.
-----------------------------------------------------------------------
-----------------------------------------------------------------------
Getting sectors:
Number of sectors: 0
-----------------------------------------------------------------------
Current CPU = 0 sec
-----------------------------------------------------------------------
Memory Working Set Current = 26.36 Mb, Memory Working Set Peak = 27.31 Mb
Memory Private Bytes Current = 27.21 Mb, Memory Private Bytes Peak = 27.21 Mb
Process Threads Number: 10
-----------------------------------------------------------------------
-----------------------------------------------------------------------
Checking faces on CD...
FCD = [0 0 0 0 0 0]
FCD_conflicts = 0
Time (check faces on CD)=0.001 s
-----------------------------------------------------------------------

-----------------------------------------------------------------------
Mesh dimensions:
				I[0 ]=36
				I[1 ]=36
				I[2 ]=34

Comp. domain size:
				a[0  ]=-2.11313
				a[1  ]=2.11313
				a[2  ]=-2.11313
				a[3  ]=2.11313
				a[4  ]=-2.01156
				a[5  ]=3.13756

Fluid calculated			1
Solid calculated			0
-----------------------------------------------------------------------
MESH Build started...
-----------------------------------------------------------------------
Mesh LEVEL = 2
-----------------------------------------------------------------------
-----------------------------------------------------------------------
CPT-mode xeps:
	D / dh / eps [axis=0] = (4.22626, 0.0196542, 1.96542e-05)
	D / dh / eps [axis=1] = (4.22626, 0.0196544, 1.96544e-05)
	D / dh / eps [axis=2] = (5.14913, 0.0275863, 2.75863e-05)
-----------------------------------------------------------------------
Initial allocation and brick-body-box intersection...OK (0.004 s)
Initial triangle brick intersection...OK (0.002 s)
Setting regions (44064 / 44064)...OK (0.001 s)
-----------------------------------------------------------------------
Base mesh info:
	3D task
	Nx=36
	Ny=36
	Nz=34
	N(Nx*Ny*Nz) = 1296
	Period    axis=[0, 0, 0]
	Symmetry  ni=[0 0 0 0 0 0]
	ZoomingBC ni=[0 0 0 0 0 0]
	Nx=36
		x[0]=-2.11313
		x[1]=-1.94411
		x[2]=-1.78304
		x[3]=-1.62949
		x[4]=-1.48311
		x[5]=-1.34356
		x[6]=-1.21052
		x[7]=-1.0837
		x[8]=-0.962801
		x[9]=-0.847544
		x[10]=-0.737668
		x[11]=-0.632922
		x[12]=-0.533066
		x[13]=-0.437873
		x[14]=-0.347124
		x[15]=-0.260611
		x[16]=-0.178138
		x[17]=-0.0995152
		x[18]=3.12636e-05
		x[19]=0.0995711
		x[20]=0.178188
		x[21]=0.260663
		x[22]=0.347178
		x[23]=0.437929
		x[24]=0.533125
		x[25]=0.632983
		x[26]=0.737732
		x[27]=0.847611
		x[28]=0.962871
		x[29]=1.08378
		x[30]=1.2106
		x[31]=1.34364
		x[32]=1.48319
		x[33]=1.62958
		x[34]=1.78314
		x[35]=1.94422
		x[36]=2.11313
	Ny=36
		y[0]=-2.11313
		y[1]=-1.94412
		y[2]=-1.78305
		y[3]=-1.6295
		y[4]=-1.48311
		y[5]=-1.34356
		y[6]=-1.21053
		y[7]=-1.08371
		y[8]=-0.962806
		y[9]=-0.847549
		y[10]=-0.737673
		y[11]=-0.632927
		y[12]=-0.533071
		y[13]=-0.437877
		y[14]=-0.347127
		y[15]=-0.260615
		y[16]=-0.178141
		y[17]=-0.0995185
		y[18]=2.70519e-05
		y[19]=0.0995669
		y[20]=0.178185
		y[21]=0.26066
		y[22]=0.347174
		y[23]=0.437925
		y[24]=0.533121
		y[25]=0.632979
		y[26]=0.737728
		y[27]=0.847606
		y[28]=0.962866
		y[29]=1.08377
		y[30]=1.2106
		y[31]=1.34363
		y[32]=1.48319
		y[33]=1.62958
		y[34]=1.78313
		y[35]=1.94421
		y[36]=2.11313
	Nz=34
		z[0]=-2.01156
		z[1]=-1.79147
		z[2]=-1.58244
		z[3]=-1.38385
		z[4]=-1.1952
		z[5]=-1.01597
		z[6]=-0.845709
		z[7]=-0.683958
		z[8]=-0.530293
		z[9]=-0.384311
		z[10]=-0.245628
		z[11]=-0.113878
		z[12]=0.0112849
		z[13]=0.12163
		z[14]=0.231979
		z[15]=0.342328
		z[16]=0.452677
		z[17]=0.563025
		z[18]=0.673374
		z[19]=0.783723
		z[20]=0.894072
		z[21]=1.00442
		z[22]=1.11477
		z[23]=1.23994
		z[24]=1.37169
		z[25]=1.51038
		z[26]=1.65637
		z[27]=1.81004
		z[28]=1.97179
		z[29]=2.14206
		z[30]=2.32129
		z[31]=2.50995
		z[32]=2.70854
		z[33]=2.91757
		z[34]=3.13756
-----------------------------------------------------------------------
Input_mesh_settings--------------------------------
Settings 0----------------
	Scope: GLOBAL
	Type:	------MESHER_SETTINGS----------
	RefAllCells           =0
	RefFluidCells         =0
	RefPartCells          =0
	RefSolidCells         =0
	l_SSFR(Capture crit)  =2
	l_curv(Curvature crit)=0
	l_tol(Tolerance crit) =2
	  k_tol               =0.0260156
	UseChannelRef         =1
	  NCR_method          =0
	  l_NCR               =2
	  N_gap               =5
	  Use d_NCR_min       =0
	  Use d_NCR_max       =0
	CloseThinSlotsHeight         =0
	--END_OF_MESHER_SETTINGS-------
End of input mesh settings-------------------------
-----------------------------------------------------------------------
Memory Working Set Current = 37.84 Mb, Memory Working Set Peak = 37.85 Mb
Memory Private Bytes Current = 38.45 Mb, Memory Private Bytes Peak = 38.45 Mb
Process Threads Number: 10
-----------------------------------------------------------------------
MMP (msh): locals=4, allc_sz=5.30 MB, used_sz=5.05 MB, blks-min-max=11/15
MMP (brx): locals=4, allc_sz=7.16 MB, used_sz=6.39 MB, blks-min-max=9/19
MMP (bcf): locals=0, allc_sz=0.00 MB, used_sz=0.00 MB, blks-min-max=0/0
MMP (xsl): locals=0, allc_sz=0.00 MB, used_sz=0.00 MB, blks-min-max=0/0
NxNyNz = [36, 36, 34]
base_dx=0.128746; 
NxNyNz_reverse = [33, 33, 40]

-----------------------------------------------------------------------
Refining geometries:
-----------------------------------------------------------------------

-----------------------------------------------------------------------
Refining by triangulation...
Refinement input: 44064 bricks
	Checking crit (44064 / 44064)...16 marked (0.026 s)
	Time(refinement): 0.000 s
Setting regions (128 / 44176)...OK (0.001 s)
	Checking crit (128 / 44176)...24 marked (0.015 s)
	Time(refinement): 0.000 s
Setting regions (384 / 44512)...OK (0.001 s)
	Checking crit (192 / 44512)...0 marked (0.005 s)
Refinement result (2 iterations): 44512 bricks (0.070 s)
Refinement input: 44512 bricks
	Checking crit (44320 / 44512)...0 marked (0.012 s)
Refinement result (0 iterations): 44512 bricks (0.012 s)
Collecting and processing rays:
	Adding rays...OK (0.015 s)
	new bricks = 44512 / 44512
	new rays   = 4243 (x=1393, y=1393, z=1457)
	Processing rays...
		Rays process:  0.010 (0.026) s
		Sort xstacks:  0.000 (0.001) s
		Put xstacks:   0.003 (0.007) s
		Total:         0.014 s
	Correcting rays...
		Lame vertices: 0.048 (0.124) s
		Bad rays:      0.000 (0.000) s
		Emit rays:     0.000 (0.000) s
		Correct ray f: 0.000 (0.000) s
		Undef:         0.000 (0.000) s
		Sum:           0.048 (0.124) s
		Total:         0.051 s
	Time (rays): 0.088 s
Capturing (44512 / 44512)...
Capturing takes (0.034 s)
Refining by triangulation takes 0.205 s
-----------------------------------------------------------------------

-----------------------------------------------------------------------
Refining peculiar surfaces...
	Surface (0) time: 0.002 s
	Surface (1) time: 0.001 s
Collecting and processing rays:
	Adding rays...OK (0.000 s)
	new bricks = 0 / 44512
	new rays   = 0 (x=0, y=0, z=0)
	Processing rays...
		Rays process:  0.000 (0.000) s
		Sort xstacks:  0.000 (0.000) s
		Put xstacks:   0.000 (0.000) s
		Total:         0.000 s
	Correcting rays...
		Total:         0.000 s
	Time (rays): 0.001 s
Capturing (0 / 44512)...
Capturing takes (0.001 s)
0 surfaces refined
Refining peculiar surfaces takes 0.006 s
-----------------------------------------------------------------------

-----------------------------------------------------------------------
Base mesh 1 Refining...
Collecting and processing rays:
	Adding rays...OK (0.000 s)
	new bricks = 0 / 44512
	new rays   = 0 (x=0, y=0, z=0)
	Processing rays...
		Rays process:  0.000 (0.000) s
		Sort xstacks:  0.000 (0.000) s
		Put xstacks:   0.000 (0.000) s
		Total:         0.000 s
	Correcting rays...
		Total:         0.000 s
	Time (rays): 0.001 s
Capturing (0 / 44512)...
Capturing takes (0.001 s)
Refinement input: 44512 bricks
	Checking crit (44320 / 44512)...0 marked (0.001 s)
Refinement result (0 iterations): 44512 bricks (0.002 s)
-----------------------------------------------------------------------
Refining channels...
FYI: CNarrowChannelRefiner::RefineChannels_PRLL
FYI: m_iteration_count = 0
Level1 statistics:
     level1_cnt_plus[1]=0;		level1_cnt_minus[1]=0
     level1_cnt_plus[2]=0;		level1_cnt_minus[2]=0
     level1_cnt_plus[3]=0;		level1_cnt_minus[3]=0
     level1_cnt_plus[4]=0;		level1_cnt_minus[4]=0
     level1_cnt_plus[5]=0;		level1_cnt_minus[5]=0
     level1_cnt_plus[6]=0;		level1_cnt_minus[6]=0
     level1_cnt_plus[7]=0;		level1_cnt_minus[7]=0
     level1_cnt_plus[8]=0;		level1_cnt_minus[8]=0
     level1_cnt_plus[9]=0;		level1_cnt_minus[9]=0
FYI: m_iteration_count = 1
Level1 statistics:
     level1_cnt_plus[1]=0;		level1_cnt_minus[1]=0
     level1_cnt_plus[2]=0;		level1_cnt_minus[2]=0
     level1_cnt_plus[3]=0;		level1_cnt_minus[3]=0
     level1_cnt_plus[4]=0;		level1_cnt_minus[4]=0
     level1_cnt_plus[5]=0;		level1_cnt_minus[5]=0
     level1_cnt_plus[6]=0;		level1_cnt_minus[6]=0
     level1_cnt_plus[7]=0;		level1_cnt_minus[7]=0
     level1_cnt_plus[8]=0;		level1_cnt_minus[8]=0
     level1_cnt_plus[9]=0;		level1_cnt_minus[9]=0
Level1 statistics:
     level1_cnt_plus[1]=0;		level1_cnt_minus[1]=0
     level1_cnt_plus[2]=0;		level1_cnt_minus[2]=0
     level1_cnt_plus[3]=0;		level1_cnt_minus[3]=0
     level1_cnt_plus[4]=0;		level1_cnt_minus[4]=0
     level1_cnt_plus[5]=0;		level1_cnt_minus[5]=0
     level1_cnt_plus[6]=0;		level1_cnt_minus[6]=0
     level1_cnt_plus[7]=0;		level1_cnt_minus[7]=0
     level1_cnt_plus[8]=0;		level1_cnt_minus[8]=0
     level1_cnt_plus[9]=0;		level1_cnt_minus[9]=0
Refining channels...
FYI: CNarrowChannelRefiner::RefineChannels_PRLL
Refinement input: 44512 bricks
	Time(refinement): 0.000 s
Setting regions (192 / 44680)...OK (0.001 s)
Refinement result (1 iterations): 44680 bricks (0.008 s)
Collecting and processing rays:
	Adding rays...OK (0.000 s)
	new bricks = 192 / 44680
	new rays   = 76 (x=38, y=38, z=0)
	Processing rays...
		Rays process:  0.000 (0.001) s
		Sort xstacks:  0.000 (0.000) s
		Put xstacks:   0.000 (0.000) s
		Total:         0.001 s
	Correcting rays...
		Lame vertices: 0.001 (0.002) s
		Bad rays:      0.000 (0.000) s
		Emit rays:     0.000 (0.000) s
		Correct ray f: 0.000 (0.000) s
		Undef:         0.000 (0.000) s
		Sum:           0.001 (0.002) s
		Total:         0.001 s
	Time (rays): 0.003 s
Capturing (192 / 44680)...
Capturing takes (0.001 s)
FYI: m_iteration_count = 0
Level1 statistics:
     level1_cnt_plus[1]=192;		level1_cnt_minus[1]=0
     level1_cnt_plus[2]=0;		level1_cnt_minus[2]=0
     level1_cnt_plus[3]=0;		level1_cnt_minus[3]=0
     level1_cnt_plus[4]=0;		level1_cnt_minus[4]=0
     level1_cnt_plus[5]=0;		level1_cnt_minus[5]=0
     level1_cnt_plus[6]=0;		level1_cnt_minus[6]=0
     level1_cnt_plus[7]=0;		level1_cnt_minus[7]=0
     level1_cnt_plus[8]=0;		level1_cnt_minus[8]=0
     level1_cnt_plus[9]=0;		level1_cnt_minus[9]=0
FYI: m_iteration_count = 1
Level1 statistics:
     level1_cnt_plus[1]=192;		level1_cnt_minus[1]=0
     level1_cnt_plus[2]=0;		level1_cnt_minus[2]=0
     level1_cnt_plus[3]=0;		level1_cnt_minus[3]=0
     level1_cnt_plus[4]=0;		level1_cnt_minus[4]=0
     level1_cnt_plus[5]=0;		level1_cnt_minus[5]=0
     level1_cnt_plus[6]=0;		level1_cnt_minus[6]=0
     level1_cnt_plus[7]=0;		level1_cnt_minus[7]=0
     level1_cnt_plus[8]=0;		level1_cnt_minus[8]=0
     level1_cnt_plus[9]=0;		level1_cnt_minus[9]=0
Refinement input: 44680 bricks
	Time(refinement): 0.001 s
Setting regions (2560 / 46920)...OK (0.001 s)
Refinement result (1 iterations): 46920 bricks (0.022 s)
Collecting and processing rays:
	Adding rays...OK (0.001 s)
	new bricks = 2560 / 46920
	new rays   = 628 (x=314, y=314, z=0)
	Processing rays...
		Rays process:  0.004 (0.010) s
		Sort xstacks:  0.000 (0.000) s
		Put xstacks:   0.001 (0.001) s
		Total:         0.007 s
	Correcting rays...
		Lame vertices: 0.004 (0.012) s
		Bad rays:      0.000 (0.000) s
		Emit rays:     0.000 (0.000) s
		Correct ray f: 0.000 (0.000) s
		Undef:         0.000 (0.000) s
		Sum:           0.004 (0.012) s
		Total:         0.005 s
	Time (rays): 0.013 s
Capturing (2560 / 46920)...
Capturing takes (0.003 s)
FYI: m_iteration_count = 2
Level1 statistics:
     level1_cnt_plus[1]=1456;		level1_cnt_minus[1]=0
     level1_cnt_plus[2]=1152;		level1_cnt_minus[2]=0
     level1_cnt_plus[3]=0;		level1_cnt_minus[3]=0
     level1_cnt_plus[4]=0;		level1_cnt_minus[4]=0
     level1_cnt_plus[5]=0;		level1_cnt_minus[5]=0
     level1_cnt_plus[6]=0;		level1_cnt_minus[6]=0
     level1_cnt_plus[7]=0;		level1_cnt_minus[7]=0
     level1_cnt_plus[8]=0;		level1_cnt_minus[8]=0
     level1_cnt_plus[9]=0;		level1_cnt_minus[9]=0
FYI: m_iteration_count = 3
Level1 statistics:
     level1_cnt_plus[1]=1456;		level1_cnt_minus[1]=0
     level1_cnt_plus[2]=1152;		level1_cnt_minus[2]=0
     level1_cnt_plus[3]=0;		level1_cnt_minus[3]=0
     level1_cnt_plus[4]=0;		level1_cnt_minus[4]=0
     level1_cnt_plus[5]=0;		level1_cnt_minus[5]=0
     level1_cnt_plus[6]=0;		level1_cnt_minus[6]=0
     level1_cnt_plus[7]=0;		level1_cnt_minus[7]=0
     level1_cnt_plus[8]=0;		level1_cnt_minus[8]=0
     level1_cnt_plus[9]=0;		level1_cnt_minus[9]=0
Level1 statistics:
     level1_cnt_plus[1]=1456;		level1_cnt_minus[1]=0
     level1_cnt_plus[2]=1152;		level1_cnt_minus[2]=0
     level1_cnt_plus[3]=0;		level1_cnt_minus[3]=0
     level1_cnt_plus[4]=0;		level1_cnt_minus[4]=0
     level1_cnt_plus[5]=0;		level1_cnt_minus[5]=0
     level1_cnt_plus[6]=0;		level1_cnt_minus[6]=0
     level1_cnt_plus[7]=0;		level1_cnt_minus[7]=0
     level1_cnt_plus[8]=0;		level1_cnt_minus[8]=0
     level1_cnt_plus[9]=0;		level1_cnt_minus[9]=0

-----------------------------------------------------------------------
U-shapes refinement...
Refinement input: 46920 bricks
	Checking crit (44808 / 46920)...0 marked (0.032 s)
Refinement result (0 iterations): 46920 bricks (0.033 s)
Collecting and processing rays:
	Adding rays...OK (0.001 s)
	new bricks = 0 / 46920
	new rays   = 0 (x=0, y=0, z=0)
	Processing rays...
		Rays process:  0.000 (0.000) s
		Sort xstacks:  0.000 (0.000) s
		Put xstacks:   0.000 (0.000) s
		Total:         0.000 s
	Correcting rays...
		Total:         0.000 s
	Time (rays): 0.002 s
Capturing (0 / 46920)...
Capturing takes (0.003 s)
-----------------------------------------------------------------------

-----------------------------------------------------------------------
Equi Distant Refiner:
Equi Distant Refiner takes 0.00 s
-----------------------------------------------------------------------

/-Ray Intersection---------------/ Time	0.035 s
Calls                14841
CorrectRay Calls     0



-----------------------------------------------------------------------
Refining geometries takes 0.398 s
-----------------------------------------------------------------------
-----------------------------------------------------------------------
Memory Working Set Current = 43.92 Mb, Memory Working Set Peak = 43.92 Mb
Memory Private Bytes Current = 44.24 Mb, Memory Private Bytes Peak = 44.24 Mb
Process Threads Number: 10
-----------------------------------------------------------------------
Defect ray count	0
-----------------------------------------------------------------------
CNarrowChannelRefiner::RedistributeLevel1_step_1_new: started...
	PrePass:                     3760
	Distribute level_1 on level = 0
	Front spread algorithm. Partition count = 4
	Time (front spread): 0.002 s
	Groups count = 0
	Changed level 1 count = 0
	Distribute level_1 on level = 1
	Front spread algorithm. Partition count = 4
	Time (front spread): 0.002 s
	Groups count = 1
	Changed level 1 count = 0
	Distribute level_1 on level = 2
	Front spread algorithm. Partition count = 4
	Time (front spread): 0.003 s
	Groups count = 1
	Changed level 1 count = 576
	AfterPass:                   4336
CNarrowChannelRefiner::RedistributeLevel1_step_1_new: finished in 0.016 s
Level1 statistics:
     level1_cnt_plus[1]=880;		level1_cnt_minus[1]=0
     level1_cnt_plus[2]=1728;		level1_cnt_minus[2]=0
     level1_cnt_plus[3]=0;		level1_cnt_minus[3]=0
     level1_cnt_plus[4]=0;		level1_cnt_minus[4]=0
     level1_cnt_plus[5]=0;		level1_cnt_minus[5]=0
     level1_cnt_plus[6]=0;		level1_cnt_minus[6]=0
     level1_cnt_plus[7]=0;		level1_cnt_minus[7]=0
     level1_cnt_plus[8]=0;		level1_cnt_minus[8]=0
     level1_cnt_plus[9]=0;		level1_cnt_minus[9]=0
CNarrowChannelRefiner::RedistributeLevel1_step_2: started...
	PrePass(step2):                     4336
	Brick chains count: 60
	Level 1 changed: 48 / 46920
	Sum (level 1 changed): 0
	AfterPass(step2):                   4336
CNarrowChannelRefiner::RedistributeLevel1_step_2: finished in 0.027 s
Level1 statistics:
     level1_cnt_plus[1]=880;		level1_cnt_minus[1]=0
     level1_cnt_plus[2]=1728;		level1_cnt_minus[2]=0
     level1_cnt_plus[3]=0;		level1_cnt_minus[3]=0
     level1_cnt_plus[4]=0;		level1_cnt_minus[4]=0
     level1_cnt_plus[5]=0;		level1_cnt_minus[5]=0
     level1_cnt_plus[6]=0;		level1_cnt_minus[6]=0
     level1_cnt_plus[7]=0;		level1_cnt_minus[7]=0
     level1_cnt_plus[8]=0;		level1_cnt_minus[8]=0
     level1_cnt_plus[9]=0;		level1_cnt_minus[9]=0
CNarrowChannelRefiner::RedistributeLevel1_step_3_new: started...
	PrePass(step3):                     4336
	Distribute level_1 on level = 0
	Front spread algorithm. Partition count = 4
	Time (front spread): 0.021 s
	Groups count = 1
	Changed level 1 count = 0
	Distribute level_1 on level = 1
	Front spread algorithm. Partition count = 4
	Time (front spread): 0.002 s
	Groups count = 6
	Changed level 1 count = 200
	Distribute level_1 on level = 2
	Front spread algorithm. Partition count = 4
	Time (front spread): 0.001 s
	Groups count = 2
	Changed level 1 count = 192
	AfterPass(step3):                   4920
CNarrowChannelRefiner::RedistributeLevel1_step_3_new: finished in 0.031 s
Level1 statistics:
     level1_cnt_plus[1]=880;		level1_cnt_minus[1]=200
     level1_cnt_plus[2]=1728;		level1_cnt_minus[2]=192
     level1_cnt_plus[3]=0;		level1_cnt_minus[3]=0
     level1_cnt_plus[4]=0;		level1_cnt_minus[4]=0
     level1_cnt_plus[5]=0;		level1_cnt_minus[5]=0
     level1_cnt_plus[6]=0;		level1_cnt_minus[6]=0
     level1_cnt_plus[7]=0;		level1_cnt_minus[7]=0
     level1_cnt_plus[8]=0;		level1_cnt_minus[8]=0
     level1_cnt_plus[9]=0;		level1_cnt_minus[9]=0
MMP (ncr): locals=4, allc_sz=2.50 MB, used_sz=2.39 MB, blks-min-max=11/13
-----------------------------------------------------------------------
MSH format builder (Iteration 0)
-----------------------------------------------------------------------
Memory Working Set Current = 43.05 Mb, Memory Working Set Peak = 44.94 Mb
Memory Private Bytes Current = 44.08 Mb, Memory Private Bytes Peak = 45.22 Mb
Process Threads Number: 10
-----------------------------------------------------------------------
Total bricks count: 46920
-----------------------------------------------------------------------
MSH (Real Geometry) format constructor:
	Geom    Count = 3
	Bodyset Count = 3
	3D task
	Getting parser brick sets...OK (0.003 s)

	Min x-stack xeps = 0.00581036
	D / dh / eps [axis=0] = (4.22626, 0.024885, 2.4885e-05)
	D / dh / eps [axis=1] = (4.22626, 0.024885, 2.4885e-05)
	D / dh / eps [axis=2] = (5.14913, 0.0275863, 2.75863e-05)
	Time (xeps): 0.001 s
Level 2
	Set (0)  size: 1056
	Set (0)  time: 0.059 s
	Set (1)  size: 1056
	Set (1)  time: 0.042 s
Level 1
	Set (0)  size: 444
	Set (0)  time: 0.003 s
	Set (1)  size: 444
	Set (1)  time: 0.003 s
Level 0
	Set (0)  size: 21960
	Set (0)  time: 0.061 s
	Set (1)  size: 21960
	Set (1)  time: 0.052 s

	Spread npq bricks...0 marked (0.009 s)

Result:
	Bricks number:                        46920

	Memory usage:                         1.152 MB
	Memory usage (per brick):             0.025 KB
	Construction time:                    0.249 s

	Topology features:
	------------------
	- High quality bricks                  100.00 % (46920)
	- Medium quality bricks                  0.00 % (0)
	- Bad quality bricks                     0.00 % (0)
	- NPQ bricks                             0.00 % (0)
	- Type-1 bricks                          2.66 % (1248)
	- Ribs corrected bricks                  0.00 % (0)
	- Points with geom-info (bricks)         0.00 % (0)
	- Points with closest-info (bricks)      0.09 % (40)
	- Triangulated by center (bricks)        0.00 % (0)
	- Facet w-faces mergings (bricks)        0.00 % (0)
	- To refine (bricks)                     0.00 % (0)
	- Points-count                           0.00 % (0)
	- T-self-intersection-all (bricks)       0.00 % (0)
	- T-self-intersection-simple (bricks)    0.00 % (0)
	- T-self-intersection-complex (bricks)   0.00 % (0)
	- NPQ by reason 1 u-shape                0.00 % (0)
	- NPQ by reason 2 tri-by-ctr             0.00 % (0)
	- NPQ by reason 3 ray-correction         0.00 % (0)
	- NPQ by reason 4 t-self-intersection    0.00 % (0)
	- NPQ by reason 5 non-good               0.00 % (0)
	- NPQ by reason 6 npq-worker             0.00 % (0)

-----------------------------------------------------------------------
Memory Working Set Current = 45.83 Mb, Memory Working Set Peak = 45.84 Mb
Memory Private Bytes Current = 45.28 Mb, Memory Private Bytes Peak = 45.28 Mb
Process Threads Number: 10
-----------------------------------------------------------------------
-----------------------------------------------------------------------
msh-iterations: 1
-----------------------------------------------------------------------
high---q-brick-count = 100.00 % (46920 46920)
medium-q-brick-count =   0.00 % (46920 0)
bad----q-brick-count =   0.00 % (46920 0)
np-----q-brick-count =   0.00 % (46920 0)
-----------------------------------------------------------------------
Free brick parser storage...OK(0.001 s)
-----------------------------------------------------------------------
Memory Working Set Current = 45.84 Mb, Memory Working Set Peak = 45.84 Mb
Memory Private Bytes Current = 45.28 Mb, Memory Private Bytes Peak = 45.28 Mb
Process Threads Number: 10
-----------------------------------------------------------------------
-----------------------------------------------------------------------
MSH --> BCF format (Iteration 0)...
BCF collector...(remove mode=0)
	Time (alloc counter per brick): 0.001 s
	Brick    count: 46920
	Av.f all count: 47448
	Av.s all count: 1248
	Av.f pid count: 1776
	Av.s pid count: 1248
	Faces fs count: 2136
	Faces ff count: 0
	Faces ss count: 0
	Faces bb count: 0
	Faces fe count: 7488
	Faces se count: 0
	Faces fw count: 9624
	Faces af count: 138596
	Faces as count: 2860
	Time (all count): 	0.010 s
	Time (bcf alloc): 	0.001 s
	Time (shifts alloc): 	0.002 s
	Time (shifts init): 	0.002 s
	Time (bcf fill): 	0.025 s
	Time (add av to faces): 0.001 s
	Time (add faces to av): 0.005 s
Time (bcf collect): 		0.050 s
	AV checker...
		Hole marker...
	Front spread algorithm. Partition count = 4
	Front spread algorithm. Partition count = 4
	Time (front spread): 0.019 s
	Time (front spread): 0.024 s
			Subdomains:               2.
			Subdomains (cond):        2.
			Time (subdomain constructors): 0.025 s.
			Time (potential-hole marking): 	0.001 s
	Front spread algorithm. Partition count = 4
	Time (front spread): 0.001 s
			Hole av set size = 0
			Hole checking...
			Time (hole checking): 0.000 s.
			0 av(s) are marked to fill 0 subdomain holes.
		Time (hole marker): 0.030 s.
	Time (check av): 	0.073 s
	Subdomain checker...
	Front spread algorithm. Partition count = 4
	Time (front spread): 0.011 s
		Subdomains construction time: 0.012 s.
		Subdomains sort time: 0.000 s.
			Subdomain 0 (geom_ind=0): 46440 av
			Subdomain 1 (geom_ind=1): 1008 av
			Subdomain 2 (geom_ind=2): 1248 av
		gi: 0, real bodies: 1
		gi: 0, subdomains:  1
		gi: 1, real bodies: 1
		gi: 1, subdomains:  1
		gi: 2, real bodies: 1
		gi: 2, subdomains:  1
		Defect subdomains: 0
	Time (check subdoms): 	0.014 s
Time (bcf iteration total): 	0.139 s
	Sum of fw-nb: 		784
	Time (fw-nb): 		0.002 s
	Fixed mutual fw-nb:     784 (bb: 0)
	Time (fw-nb mutual): 	0.001 s
	Time (fw-nb sort): 	0.000 s
	Sum of fw-nb: 		19248
	Time (fw-nb): 		0.012 s
	Fixed mutual fw-nb:     19248 (bb: 0)
	Time (fw-nb mutual): 	0.004 s
	Time (fw-nb sort): 	0.001 s
	Time (rfd fix): 	0.000 s
	Time (av convexity): 	0.003 s
	Time (av small volume): 0.001 s
	Time (diagonal fw-nb): 	0.029 s
	Fixed mutual fw-nb:     0 (bb: 0)
	Time (fw-nb mutual): 	0.007 s
	Time (fw-nb sort): 	0.001 s
	Front spread algorithm. Partition count = 4
	Time (front spread): 0.014 s
	Fluid subdomains: 2
	Faces fw-nb diff sd:    0
	Time (fw-nb diff sd): 	0.016 s
Time (bcf calc): 		0.090 s
-----------------------------------------------------------------------
Time (bcf total): 		0.230 s
-----------------------------------------------------------------------
bcf-iterations: 1
-----------------------------------------------------------------------
-----------------------------------------------------------------------
Mega-cv constructor for fluid...
	 0 av's is treated as thin
Relative size generator (threshold = 0.05)...
	Iteration 1 (small cluster count = 336)
	Iteration 2 (small cluster count = 180)
	Iteration 3 (small cluster count = 24)
	Iteration 4 (small cluster count = 4)
	Iteration 5 (small cluster count = 0)
	 336 mega-cv's generated
	 0 mega-cv's removed
Relative size generator is completed OK (0.013 s)
Apply fa-rules to mega-cv clusters fixes...
OK (0.001 s)
Convert clusters:
	 336 mega-cv's total
Mega-cv count: 336
Time (mega-cv fill): 	0.002 s
Time (mega-cv total): 	0.024 s
-----------------------------------------------------------------------
Mixing plane rotation regions: NO.
Sliding mesh rotation regions: NO.
Fluid/fluid faces: NO.
-----------------------------------------------------------------------
Memory Working Set Current = 58.57 Mb, Memory Working Set Peak = 64.90 Mb
Memory Private Bytes Current = 65.55 Mb, Memory Private Bytes Peak = 65.55 Mb
Process Threads Number: 10
-----------------------------------------------------------------------
----------------------------------------------------------
BCF --> BCF.GEOMSUBDOM (bridge arrays):
MESH (0):
	Front spread algorithm. Partition count = 4
	Time (front spread): 0.011 s
	Fluid Subdom Constructor: 2 subdom(s).
	Front spread algorithm. Partition count = 4
	Time (front spread): 0.001 s
	Solid Subdom Constructor: 1 subdom(s).
	Front spread algorithm. Partition count = 4
	Time (front spread): 0.001 s
	Net Asm Subdom Constructor: 0 subdom(s).
	GEOMSUBDOM (0): gi=0 Fluid av=46440 cv=46440 fa=136112 fw=8664 V=9.195732e+01
	Cache data...OK
	GEOMSUBDOM (1): gi=1 Fluid av=1008 cv=672 fa=2484 fw=960 V=8.426675e-03
	Cache data...OK
	GEOMSUBDOM (2): gi=2 Solid av=1248 cv=1248 fa=2860 fw=2136 V=4.215836e-03
	Cache data...OK
	Setting nb of w-faces...OK (0.008 s).
	Correcting nb of w-faces...
	Time(correct_fw_nb)=0.006 s

MESH (0) checking:
	GEOMSUBDOM (0):fa_s=2117.5340905918851604 fw_s=123.2566741930059209 fw_nb=69256
	              :d_const(30053)=1.42093e-12 d_linear(29953)=3.59395e-12
	GEOMSUBDOM (1):fa_s=0.9560349470249593 fw_s=0.3706547592139162 fw_nb=7664
	              :d_const(671)=6.95837e-12 d_linear(358)=8.13451e-12
	GEOMSUBDOM (2):fa_s=0.5964769987711998 fw_s=0.8585915024621101 fw_nb=17040
	              :d_const(731)=8.67206e-11 d_linear(715)=4.59799e-11
MESH (0) checking: OK.
Time (MDS): 	0.137 s
----------------------------------------------------------
-----------------------------------------------------------------------
Memory Working Set Current = 74.25 Mb, Memory Working Set Peak = 74.25 Mb
Memory Private Bytes Current = 80.49 Mb, Memory Private Bytes Peak = 80.49 Mb
Process Threads Number: 10
-----------------------------------------------------------------------

-----------------------------------------------------------------------
BCF CHECKSUM DATA (Mesh 0):

BRICK |Level1| Sum:               4920
FACE_A Area Sum:   G.Fluid        2118.4901255389104335
FACE_A Area Sum:   G.Solid        0.5964769987711998
FACE_W Area Sum:                  123.6273289522198269
FACE_W Nb   Sum:                  76920
FACE_W min curvatures sum:        -18360.18478394
FACE_W max curvatures sum:        14551.33646393
AV Max Disbalance(Const) :        8.67205e-11 (cid=22863, t={72, 76, 66}, avid=48071, pid=623)
AV Max Disbalance(Linear):        2.0248e-10 (cid=24324, t={72, 74, 68}, avid=24629, pid=1049)
-----------------------------------------------------------------------


-----------------------------------------------------------------------
MESHER TOPOLOGY DATA:

BRICKS: Total                 46920
BRICKS: Fluid                 46920
BRICKS: Fluid Partial         1248
BRICKS: Type 1                1248
BRICKS: Max AV number         3
BRICKS: |level1| sum          4920


AV:     G.Total               48696
AV:     G.Fluid               47448
AV:     G.Solid               1248

AV:     G.Fluid Thin Profile    0.00 % (0)
AV:     G.Solid Thin Profile   42.31 % (528)

AV:     G.Fluid Thin For Mega   0.00 % (0)
AV:     G.Solid Thin For Mega  37.18 % (464)

AV:     G.Fluid Non-Convex      0.29 % (136)
AV:     G.Solid Non-Convex      7.69 % (96)

AV:     G.Fluid Non-Ess-Convex      0.29 % (136)
AV:     G.Solid Non-Ess-Convex      7.69 % (96)

FACE_A: G.Fluid          (af) 138596 (partially opened 3552)
FACE_A: G.Solid          (as) 2860 (partially opened 2840)

FACE_W: G.Total                 9624        Brick/Bound
FACE_W: G.Fluid/Solid    (fs_g) 2136        0           
FACE_W: G.Fluid/Fluid    (ff_g) 0           0           
FACE_W: G.Solid/Solid    (ss_g) 0           0           
FACE_W: G.Fluid/Void     (fv_g) 0           0           
FACE_W: G.Fluid/External (fe_g) 7488
FACE_W: G.Solid/External (se_g) 0

AV/CV max fa count (on brick side):4
AV/CV max fw count:                4
AV/CV max fw poly count:           7

MEMORY: Total                   13.766 MB
MEMORY: Per Brick               0.300 KB
-----------------------------------------------------------------------

-----------------------------------------------------------------------
Connectivities information:
	Number of conns: 0
-----------------------------------------------------------------------
	Time (gap size): 	0.008 s
-----------------------------------------------------------------------
Memory Working Set Current = 74.34 Mb, Memory Working Set Peak = 74.34 Mb
Memory Private Bytes Current = 80.49 Mb, Memory Private Bytes Peak = 80.49 Mb
Process Threads Number: 10
-----------------------------------------------------------------------
-----------------------------------------------------------------------
Calculating curvature and tolerance criteria...
Curvature: min=0 (cid=0) max=3.13751 (cid=14931)
Tolerance: min=0 (cid=0) max=0.016022 (cid=22805)
Calculating curvature and tolerance criteria takes 0.040 s
-----------------------------------------------------------------------
MESH Build(FS) finished. Time=1.251 s
-----------------------------------------------------------------------
Current CPU = 1 sec

Nx=36
Ny=36
Nz=34
Max BRICK Level=2
Mesh Level=2
-----------------CModelBodies2MeshMapper::CollectData started -------------------------------
	Time (collect mesh base data): 0.003 s.
	Time (collect model bodies mapping): 0.000 s.
	Time (collect positive bodies mapping): 0.000 s.
	Time (collect fluid bodies mapping): 0.004 s.
-----------------CModelBodies2MeshMapper Report -------------------------------
FluidDomains 2 SolidDomains 1 VoidDomains 0 
Domains RefIndexes
----------------- -------------------------------
	ModelBodies
Total resolved Bodies 3 BodySets 1
BodySet 0
	Bodies list:
			#0	Name: Extrude-Thin2;	ID: 70f1d12c-b7b4-483a-a60c-2c0f6371a677
			#1	Name: Imported2;	ID: c312c5d6-0eb6-46ee-a135-176c42df32f0
			#2	Name: Imported1;	ID: 1ceb19eb-11a9-4e47-99ee-3827594b4e7a
	Domains list:mesh type	 (0, 1)		 2 


--------------------------------------------------------------------------
	Positive geometry Bodies
Total resolved Bodies 3 BodySets 3
BodySet 0
	Bodies list:
			#0	Name: ;	ID: f86b7062-08f3-4ce7-a21e-233ccfb9c2e2
	Domains list:mesh type	 (0, 1)		 0 

BodySet 1
	Bodies list:
			#0	Name: ;	ID: 06112ee8-9ac7-41a7-a1b7-f335383a7409
	Domains list:mesh type	 (0, 1)		 1 

BodySet 2
	Bodies list:
			#0	Name: ;	ID: aed7d81b-567c-4f94-8e70-f431a168e50f
	Domains list:mesh type	 (0, 1)		 2 


--------------------------------------------------------------------------
	Fluid regions
Total resolved Bodies 2 BodySets 2
BodySet 0	Material: Water; 
	Bodies list:
			#0	Name: ;	ID: f86b7062-08f3-4ce7-a21e-233ccfb9c2e2
	Domains list:mesh type	 (0, 1)		 0 

BodySet 1	Material: Water; 
	Bodies list:
			#0	Name: ;	ID: 06112ee8-9ac7-41a7-a1b7-f335383a7409
	Domains list:mesh type	 (0, 1)		 1 


--------------------------------------------------------------------------
Collect data takes...0.018 s
-----------------CModelBodies2MeshMapper::CollectData finished successfully-------------------
Saving initial mesh in: C:\Users\FC\Documents\cad & sim\sld\orifice\1\1.fld .
Storing results...
	Estimated CPT size=5.226 MB.
Write section 436 takes 0.000 s
Write section 101 takes 0.001 s
Write section 400 takes 0.003 s
Write section 437 takes 0.005 s
Write mesh/bricks section: 0.009 s
Write section 408 takes 0.028 s
Write section 427 takes 0.009 s
Write msh format: 0.036 s
Write section 406 takes 0.012 s
Write section 405 takes 0.003 s
Write section 401 takes 0.069 s
Write section 402 takes 0.038 s
Write section 407 takes 0.004 s
Write section 421 takes 0.019 s
Write section 404 takes 0.001 s
Write section 416 takes 0.001 s
Write section 411 takes 0.001 s
Write section 413 takes 0.000 s
Write section 432 takes 0.000 s
Write plain bcf: 0.148 s
Write section 448 takes 0.018 s
Write section 446 takes 0.000 s
Write section 516 takes 0.000 s
	Time (write bcf): 0.212 s
X_STACK_LIST::write_x_stack_list4: started...
X_STACK_LIST::write_x_stack_list4: finished in 0.010 s
Storing results takes 0.232 s
-----------------------------------------------------------------------
Memory Working Set Current = 80.38 Mb, Memory Working Set Peak = 80.38 Mb
Memory Private Bytes Current = 86.20 Mb, Memory Private Bytes Peak = 86.20 Mb
Process Threads Number: 10
-----------------------------------------------------------------------
Cleaning memory...
-----------------------------------------------------------------------
Start to free mesher data...
MMP (msh): locals=4, allc_sz=5.78 MB, used_sz=5.45 MB, blks-min-max=12/16
MMP (brx): locals=4, allc_sz=8.68 MB, used_sz=8.14 MB, blks-min-max=14/20
MMP (bcf): locals=4, allc_sz=20.81 MB, used_sz=19.91 MB, blks-min-max=17/33
MMP (xsl): locals=4, allc_sz=1.11 MB, used_sz=0.95 MB, blks-min-max=7/9
Free xsl...            OK	Time=0.001 s
Free ray collector...  OK	Time=0.000 s
Free ray intersector...OK	Time=0.000 s
Free body sets...      OK	Time=0.003 s
Free Geometry DB takes 0.000 s
Free mesh conn...      OK	Time=0.000 s
Free geomsd...         OK	Time=0.000 s
Free mbricks...        OK	Time=0.001 s
Free hash info...      OK	Time=0.001 s
Free bricks-x...       OK	Time=0.001 s
Free bcf...            OK	Time=0.003 s
Free mesh h...         OK	Time=0.000 s
Free bricks arr..      OK	Time=0.000 s
Free bricks tree...    OK	Time=0.000 s
Free mesh pools...     OK	Time=0.010 s
Free bodies mapper...  OK	Time=0.000 s
Free geom crits...     OK	Time=0.000 s
Free cpt regions...    OK	Time=0.000 s
Free peculiar surfs... OK	Time=0.000 s
Free sw-geometries...  OK	Time=0.000 s
Total free mesher data time: 0.028 s
-----------------------------------------------------------------------
Copying... OK
CPT size=0.845 MB (886285 bytes).
Mesh generation normally finished at	7.9.2025	22:47:11
Mesher CPU = 2 sec
Mesher is finished at	7.9.2025	22:47:11
-----------------------------------------------------------------------
Memory Working Set Current = 31.34 Mb, Memory Working Set Peak = 80.38 Mb
Memory Private Bytes Current = 36.82 Mb, Memory Private Bytes Peak = 86.20 Mb
Process Threads Number: 10
-----------------------------------------------------------------------
Algebra Pool      : mem_usage = 0.62 Mb, allocated count = 0
-----------------------------------------------------------------------
Memory Working Set Current = 30.78 Mb, Memory Working Set Peak = 80.38 Mb
Memory Private Bytes Current = 36.26 Mb, Memory Private Bytes Peak = 86.20 Mb
Process Threads Number: 10
Process Threads Number Peak: 10
-----------------------------------------------------------------------
Log ended at 07.09.2025	22:47:11
